/home/accelvia/nodevenv/public_html/website/24/bin/node: line 10: export: `=production': not a valid identifier
node:internal/modules/cjs/loader:1424
  throw err;
  ^

Error: Cannot find module '/home/accelvia/public_html/website//server.js'
Require stack:
- /usr/local/lsws/fcgi-bin/lsnode.js
    at Module._resolveFilename (node:internal/modules/cjs/loader:1421:15)
    at defaultResolveImpl (node:internal/modules/cjs/loader:1059:19)
    at resolveForCJSWithHooks (node:internal/modules/cjs/loader:1064:22)
    at Module._load (node:internal/modules/cjs/loader:1227:37)
    at TracingChannel.traceSync (node:diagnostics_channel:328:14)
    at wrapModuleLoad (node:internal/modules/cjs/loader:245:24)
    at Module.require (node:internal/modules/cjs/loader:1504:12)
    at require (node:internal/modules/helpers:152:16)
    at startApplication (/usr/local/lsws/fcgi-bin/lsnode.js:48:15)
    at Object.<anonymous> (/usr/local/lsws/fcgi-bin/lsnode.js:16:1) {
  code: 'MODULE_NOT_FOUND',
  requireStack: [ '/usr/local/lsws/fcgi-bin/lsnode.js' ]
}

Node.js v24.13.0
/home/accelvia/nodevenv/public_html/website/24/bin/node: line 10: export: `=production': not a valid identifier
node:internal/modules/cjs/loader:1424
  throw err;
  ^

Error: Cannot find module '/home/accelvia/public_html/website//server.js'
Require stack:
- /usr/local/lsws/fcgi-bin/lsnode.js
    at Module._resolveFilename (node:internal/modules/cjs/loader:1421:15)
    at defaultResolveImpl (node:internal/modules/cjs/loader:1059:19)
    at resolveForCJSWithHooks (node:internal/modules/cjs/loader:1064:22)
    at Module._load (node:internal/modules/cjs/loader:1227:37)
    at TracingChannel.traceSync (node:diagnostics_channel:328:14)
    at wrapModuleLoad (node:internal/modules/cjs/loader:245:24)
    at Module.require (node:internal/modules/cjs/loader:1504:12)
    at require (node:internal/modules/helpers:152:16)
    at startApplication (/usr/local/lsws/fcgi-bin/lsnode.js:48:15)
    at Object.<anonymous> (/usr/local/lsws/fcgi-bin/lsnode.js:16:1) {
  code: 'MODULE_NOT_FOUND',
  requireStack: [ '/usr/local/lsws/fcgi-bin/lsnode.js' ]
}

Node.js v24.13.0
/home/accelvia/nodevenv/public_html/website/24/bin/node: line 10: export: `=production': not a valid identifier
node:internal/modules/cjs/loader:1424
  throw err;
  ^

Error: Cannot find module '/home/accelvia/public_html/website//server.js'
Require stack:
- /usr/local/lsws/fcgi-bin/lsnode.js
    at Module._resolveFilename (node:internal/modules/cjs/loader:1421:15)
    at defaultResolveImpl (node:internal/modules/cjs/loader:1059:19)
    at resolveForCJSWithHooks (node:internal/modules/cjs/loader:1064:22)
    at Module._load (node:internal/modules/cjs/loader:1227:37)
    at TracingChannel.traceSync (node:diagnostics_channel:328:14)
    at wrapModuleLoad (node:internal/modules/cjs/loader:245:24)
    at Module.require (node:internal/modules/cjs/loader:1504:12)
    at require (node:internal/modules/helpers:152:16)
    at startApplication (/usr/local/lsws/fcgi-bin/lsnode.js:48:15)
    at Object.<anonymous> (/usr/local/lsws/fcgi-bin/lsnode.js:16:1) {
  code: 'MODULE_NOT_FOUND',
  requireStack: [ '/usr/local/lsws/fcgi-bin/lsnode.js' ]
}

Node.js v24.13.0
/home/accelvia/nodevenv/public_html/website/24/bin/node: line 10: export: `=production': not a valid identifier
node:internal/modules/cjs/loader:1424
  throw err;
  ^

Error: Cannot find module '/home/accelvia/public_html/website//server.js'
Require stack:
- /usr/local/lsws/fcgi-bin/lsnode.js
    at Module._resolveFilename (node:internal/modules/cjs/loader:1421:15)
    at defaultResolveImpl (node:internal/modules/cjs/loader:1059:19)
    at resolveForCJSWithHooks (node:internal/modules/cjs/loader:1064:22)
    at Module._load (node:internal/modules/cjs/loader:1227:37)
    at TracingChannel.traceSync (node:diagnostics_channel:328:14)
    at wrapModuleLoad (node:internal/modules/cjs/loader:245:24)
    at Module.require (node:internal/modules/cjs/loader:1504:12)
    at require (node:internal/modules/helpers:152:16)
    at startApplication (/usr/local/lsws/fcgi-bin/lsnode.js:48:15)
    at Object.<anonymous> (/usr/local/lsws/fcgi-bin/lsnode.js:16:1) {
  code: 'MODULE_NOT_FOUND',
  requireStack: [ '/usr/local/lsws/fcgi-bin/lsnode.js' ]
}

Node.js v24.13.0
/home/accelvia/nodevenv/public_html/website/24/bin/node: line 10: export: `=production': not a valid identifier
node:internal/modules/cjs/loader:1424
  throw err;
  ^

Error: Cannot find module '/home/accelvia/public_html/website//server.js'
Require stack:
- /usr/local/lsws/fcgi-bin/lsnode.js
    at Module._resolveFilename (node:internal/modules/cjs/loader:1421:15)
    at defaultResolveImpl (node:internal/modules/cjs/loader:1059:19)
    at resolveForCJSWithHooks (node:internal/modules/cjs/loader:1064:22)
    at Module._load (node:internal/modules/cjs/loader:1227:37)
    at TracingChannel.traceSync (node:diagnostics_channel:328:14)
    at wrapModuleLoad (node:internal/modules/cjs/loader:245:24)
    at Module.require (node:internal/modules/cjs/loader:1504:12)
    at require (node:internal/modules/helpers:152:16)
    at startApplication (/usr/local/lsws/fcgi-bin/lsnode.js:48:15)
    at Object.<anonymous> (/usr/local/lsws/fcgi-bin/lsnode.js:16:1) {
  code: 'MODULE_NOT_FOUND',
  requireStack: [ '/usr/local/lsws/fcgi-bin/lsnode.js' ]
}

Node.js v24.13.0
/home/accelvia/nodevenv/public_html/website/24/bin/node: line 10: export: `=production': not a valid identifier
Email sending error: Error: Hostname/IP does not match certificate's altnames: Host: localhost. is not in the cert's altnames: DNS:whgi.net, DNS:*.bom1.mysecurecloudhost.com, DNS:*.bom1.stableserver.net, DNS:*.can1.mysecurecloudhost.com, DNS:*.can1.stableserver.net, DNS:*.col1.mysecurecloudhost.com, DNS:*.col1.stableserver.net, DNS:*.dxb1.mysecurecloudhost.com, DNS:*.dxb1.stableserver.net, DNS:*.fra1.mysecurecloudhost.com, DNS:*.fra1.stableserver.net, DNS:*.lon1.mysecurecloudhost.com, DNS:*.lon1.stableserver.net, DNS:*.lux1.mysecurecloudhost.com, DNS:*.lux1.stableserver.net, DNS:*.mex1.mysecurecloudhost.com, DNS:*.mex1.stableserver.net, DNS:*.mysecurecloudhost.com, DNS:*.sgp1.mysecurecloudhost.com, DNS:*.sgp1.stableserver.net, DNS:*.stableserver.net, DNS:*.syd1.mysecurecloudhost.com, DNS:*.syd1.stableserver.net, DNS:*.usc1.mysecurecloudhost.com, DNS:*.usc1.stableserver.net, DNS:*.use1.mysecurecloudhost.com, DNS:*.use1.stableserver.net, DNS:*.whgi.net
    at ignore-listed frames {
  code: 'ESOCKET',
  reason: "Host: localhost. is not in the cert's altnames: DNS:whgi.net, DNS:*.bom1.mysecurecloudhost.com, DNS:*.bom1.stableserver.net, DNS:*.can1.mysecurecloudhost.com, DNS:*.can1.stableserver.net, DNS:*.col1.mysecurecloudhost.com, DNS:*.col1.stableserver.net, DNS:*.dxb1.mysecurecloudhost.com, DNS:*.dxb1.stableserver.net, DNS:*.fra1.mysecurecloudhost.com, DNS:*.fra1.stableserver.net, DNS:*.lon1.mysecurecloudhost.com, DNS:*.lon1.stableserver.net, DNS:*.lux1.mysecurecloudhost.com, DNS:*.lux1.stableserver.net, DNS:*.mex1.mysecurecloudhost.com, DNS:*.mex1.stableserver.net, DNS:*.mysecurecloudhost.com, DNS:*.sgp1.mysecurecloudhost.com, DNS:*.sgp1.stableserver.net, DNS:*.stableserver.net, DNS:*.syd1.mysecurecloudhost.com, DNS:*.syd1.stableserver.net, DNS:*.usc1.mysecurecloudhost.com, DNS:*.usc1.stableserver.net, DNS:*.use1.mysecurecloudhost.com, DNS:*.use1.stableserver.net, DNS:*.whgi.net",
  host: 'localhost',
  cert: [Object],
  command: 'CONN'
}
Email sending error: Error: Hostname/IP does not match certificate's altnames: Host: localhost. is not in the cert's altnames: DNS:whgi.net, DNS:*.bom1.mysecurecloudhost.com, DNS:*.bom1.stableserver.net, DNS:*.can1.mysecurecloudhost.com, DNS:*.can1.stableserver.net, DNS:*.col1.mysecurecloudhost.com, DNS:*.col1.stableserver.net, DNS:*.dxb1.mysecurecloudhost.com, DNS:*.dxb1.stableserver.net, DNS:*.fra1.mysecurecloudhost.com, DNS:*.fra1.stableserver.net, DNS:*.lon1.mysecurecloudhost.com, DNS:*.lon1.stableserver.net, DNS:*.lux1.mysecurecloudhost.com, DNS:*.lux1.stableserver.net, DNS:*.mex1.mysecurecloudhost.com, DNS:*.mex1.stableserver.net, DNS:*.mysecurecloudhost.com, DNS:*.sgp1.mysecurecloudhost.com, DNS:*.sgp1.stableserver.net, DNS:*.stableserver.net, DNS:*.syd1.mysecurecloudhost.com, DNS:*.syd1.stableserver.net, DNS:*.usc1.mysecurecloudhost.com, DNS:*.usc1.stableserver.net, DNS:*.use1.mysecurecloudhost.com, DNS:*.use1.stableserver.net, DNS:*.whgi.net
    at ignore-listed frames {
  code: 'ESOCKET',
  reason: "Host: localhost. is not in the cert's altnames: DNS:whgi.net, DNS:*.bom1.mysecurecloudhost.com, DNS:*.bom1.stableserver.net, DNS:*.can1.mysecurecloudhost.com, DNS:*.can1.stableserver.net, DNS:*.col1.mysecurecloudhost.com, DNS:*.col1.stableserver.net, DNS:*.dxb1.mysecurecloudhost.com, DNS:*.dxb1.stableserver.net, DNS:*.fra1.mysecurecloudhost.com, DNS:*.fra1.stableserver.net, DNS:*.lon1.mysecurecloudhost.com, DNS:*.lon1.stableserver.net, DNS:*.lux1.mysecurecloudhost.com, DNS:*.lux1.stableserver.net, DNS:*.mex1.mysecurecloudhost.com, DNS:*.mex1.stableserver.net, DNS:*.mysecurecloudhost.com, DNS:*.sgp1.mysecurecloudhost.com, DNS:*.sgp1.stableserver.net, DNS:*.stableserver.net, DNS:*.syd1.mysecurecloudhost.com, DNS:*.syd1.stableserver.net, DNS:*.usc1.mysecurecloudhost.com, DNS:*.usc1.stableserver.net, DNS:*.use1.mysecurecloudhost.com, DNS:*.use1.stableserver.net, DNS:*.whgi.net",
  host: 'localhost',
  cert: [Object],
  command: 'CONN'
}
Email sending error: Error: Hostname/IP does not match certificate's altnames: Host: localhost. is not in the cert's altnames: DNS:whgi.net, DNS:*.bom1.mysecurecloudhost.com, DNS:*.bom1.stableserver.net, DNS:*.can1.mysecurecloudhost.com, DNS:*.can1.stableserver.net, DNS:*.col1.mysecurecloudhost.com, DNS:*.col1.stableserver.net, DNS:*.dxb1.mysecurecloudhost.com, DNS:*.dxb1.stableserver.net, DNS:*.fra1.mysecurecloudhost.com, DNS:*.fra1.stableserver.net, DNS:*.lon1.mysecurecloudhost.com, DNS:*.lon1.stableserver.net, DNS:*.lux1.mysecurecloudhost.com, DNS:*.lux1.stableserver.net, DNS:*.mex1.mysecurecloudhost.com, DNS:*.mex1.stableserver.net, DNS:*.mysecurecloudhost.com, DNS:*.sgp1.mysecurecloudhost.com, DNS:*.sgp1.stableserver.net, DNS:*.stableserver.net, DNS:*.syd1.mysecurecloudhost.com, DNS:*.syd1.stableserver.net, DNS:*.usc1.mysecurecloudhost.com, DNS:*.usc1.stableserver.net, DNS:*.use1.mysecurecloudhost.com, DNS:*.use1.stableserver.net, DNS:*.whgi.net
    at ignore-listed frames {
  code: 'ESOCKET',
  reason: "Host: localhost. is not in the cert's altnames: DNS:whgi.net, DNS:*.bom1.mysecurecloudhost.com, DNS:*.bom1.stableserver.net, DNS:*.can1.mysecurecloudhost.com, DNS:*.can1.stableserver.net, DNS:*.col1.mysecurecloudhost.com, DNS:*.col1.stableserver.net, DNS:*.dxb1.mysecurecloudhost.com, DNS:*.dxb1.stableserver.net, DNS:*.fra1.mysecurecloudhost.com, DNS:*.fra1.stableserver.net, DNS:*.lon1.mysecurecloudhost.com, DNS:*.lon1.stableserver.net, DNS:*.lux1.mysecurecloudhost.com, DNS:*.lux1.stableserver.net, DNS:*.mex1.mysecurecloudhost.com, DNS:*.mex1.stableserver.net, DNS:*.mysecurecloudhost.com, DNS:*.sgp1.mysecurecloudhost.com, DNS:*.sgp1.stableserver.net, DNS:*.stableserver.net, DNS:*.syd1.mysecurecloudhost.com, DNS:*.syd1.stableserver.net, DNS:*.usc1.mysecurecloudhost.com, DNS:*.usc1.stableserver.net, DNS:*.use1.mysecurecloudhost.com, DNS:*.use1.stableserver.net, DNS:*.whgi.net",
  host: 'localhost',
  cert: [Object],
  command: 'CONN'
}
Email sending error: Error: Hostname/IP does not match certificate's altnames: Host: localhost. is not in the cert's altnames: DNS:whgi.net, DNS:*.bom1.mysecurecloudhost.com, DNS:*.bom1.stableserver.net, DNS:*.can1.mysecurecloudhost.com, DNS:*.can1.stableserver.net, DNS:*.col1.mysecurecloudhost.com, DNS:*.col1.stableserver.net, DNS:*.dxb1.mysecurecloudhost.com, DNS:*.dxb1.stableserver.net, DNS:*.fra1.mysecurecloudhost.com, DNS:*.fra1.stableserver.net, DNS:*.lon1.mysecurecloudhost.com, DNS:*.lon1.stableserver.net, DNS:*.lux1.mysecurecloudhost.com, DNS:*.lux1.stableserver.net, DNS:*.mex1.mysecurecloudhost.com, DNS:*.mex1.stableserver.net, DNS:*.mysecurecloudhost.com, DNS:*.sgp1.mysecurecloudhost.com, DNS:*.sgp1.stableserver.net, DNS:*.stableserver.net, DNS:*.syd1.mysecurecloudhost.com, DNS:*.syd1.stableserver.net, DNS:*.usc1.mysecurecloudhost.com, DNS:*.usc1.stableserver.net, DNS:*.use1.mysecurecloudhost.com, DNS:*.use1.stableserver.net, DNS:*.whgi.net
    at ignore-listed frames {
  code: 'ESOCKET',
  reason: "Host: localhost. is not in the cert's altnames: DNS:whgi.net, DNS:*.bom1.mysecurecloudhost.com, DNS:*.bom1.stableserver.net, DNS:*.can1.mysecurecloudhost.com, DNS:*.can1.stableserver.net, DNS:*.col1.mysecurecloudhost.com, DNS:*.col1.stableserver.net, DNS:*.dxb1.mysecurecloudhost.com, DNS:*.dxb1.stableserver.net, DNS:*.fra1.mysecurecloudhost.com, DNS:*.fra1.stableserver.net, DNS:*.lon1.mysecurecloudhost.com, DNS:*.lon1.stableserver.net, DNS:*.lux1.mysecurecloudhost.com, DNS:*.lux1.stableserver.net, DNS:*.mex1.mysecurecloudhost.com, DNS:*.mex1.stableserver.net, DNS:*.mysecurecloudhost.com, DNS:*.sgp1.mysecurecloudhost.com, DNS:*.sgp1.stableserver.net, DNS:*.stableserver.net, DNS:*.syd1.mysecurecloudhost.com, DNS:*.syd1.stableserver.net, DNS:*.usc1.mysecurecloudhost.com, DNS:*.usc1.stableserver.net, DNS:*.use1.mysecurecloudhost.com, DNS:*.use1.stableserver.net, DNS:*.whgi.net",
  host: 'localhost',
  cert: [Object],
  command: 'CONN'
}
Email sending error: Error: Hostname/IP does not match certificate's altnames: Host: localhost. is not in the cert's altnames: DNS:whgi.net, DNS:*.bom1.mysecurecloudhost.com, DNS:*.bom1.stableserver.net, DNS:*.can1.mysecurecloudhost.com, DNS:*.can1.stableserver.net, DNS:*.col1.mysecurecloudhost.com, DNS:*.col1.stableserver.net, DNS:*.dxb1.mysecurecloudhost.com, DNS:*.dxb1.stableserver.net, DNS:*.fra1.mysecurecloudhost.com, DNS:*.fra1.stableserver.net, DNS:*.lon1.mysecurecloudhost.com, DNS:*.lon1.stableserver.net, DNS:*.lux1.mysecurecloudhost.com, DNS:*.lux1.stableserver.net, DNS:*.mex1.mysecurecloudhost.com, DNS:*.mex1.stableserver.net, DNS:*.mysecurecloudhost.com, DNS:*.sgp1.mysecurecloudhost.com, DNS:*.sgp1.stableserver.net, DNS:*.stableserver.net, DNS:*.syd1.mysecurecloudhost.com, DNS:*.syd1.stableserver.net, DNS:*.usc1.mysecurecloudhost.com, DNS:*.usc1.stableserver.net, DNS:*.use1.mysecurecloudhost.com, DNS:*.use1.stableserver.net, DNS:*.whgi.net
    at ignore-listed frames {
  code: 'ESOCKET',
  reason: "Host: localhost. is not in the cert's altnames: DNS:whgi.net, DNS:*.bom1.mysecurecloudhost.com, DNS:*.bom1.stableserver.net, DNS:*.can1.mysecurecloudhost.com, DNS:*.can1.stableserver.net, DNS:*.col1.mysecurecloudhost.com, DNS:*.col1.stableserver.net, DNS:*.dxb1.mysecurecloudhost.com, DNS:*.dxb1.stableserver.net, DNS:*.fra1.mysecurecloudhost.com, DNS:*.fra1.stableserver.net, DNS:*.lon1.mysecurecloudhost.com, DNS:*.lon1.stableserver.net, DNS:*.lux1.mysecurecloudhost.com, DNS:*.lux1.stableserver.net, DNS:*.mex1.mysecurecloudhost.com, DNS:*.mex1.stableserver.net, DNS:*.mysecurecloudhost.com, DNS:*.sgp1.mysecurecloudhost.com, DNS:*.sgp1.stableserver.net, DNS:*.stableserver.net, DNS:*.syd1.mysecurecloudhost.com, DNS:*.syd1.stableserver.net, DNS:*.usc1.mysecurecloudhost.com, DNS:*.usc1.stableserver.net, DNS:*.use1.mysecurecloudhost.com, DNS:*.use1.stableserver.net, DNS:*.whgi.net",
  host: 'localhost',
  cert: [Object],
  command: 'CONN'
}
Email sending error: Error: Hostname/IP does not match certificate's altnames: Host: localhost. is not in the cert's altnames: DNS:whgi.net, DNS:*.bom1.mysecurecloudhost.com, DNS:*.bom1.stableserver.net, DNS:*.can1.mysecurecloudhost.com, DNS:*.can1.stableserver.net, DNS:*.col1.mysecurecloudhost.com, DNS:*.col1.stableserver.net, DNS:*.dxb1.mysecurecloudhost.com, DNS:*.dxb1.stableserver.net, DNS:*.fra1.mysecurecloudhost.com, DNS:*.fra1.stableserver.net, DNS:*.lon1.mysecurecloudhost.com, DNS:*.lon1.stableserver.net, DNS:*.lux1.mysecurecloudhost.com, DNS:*.lux1.stableserver.net, DNS:*.mex1.mysecurecloudhost.com, DNS:*.mex1.stableserver.net, DNS:*.mysecurecloudhost.com, DNS:*.sgp1.mysecurecloudhost.com, DNS:*.sgp1.stableserver.net, DNS:*.stableserver.net, DNS:*.syd1.mysecurecloudhost.com, DNS:*.syd1.stableserver.net, DNS:*.usc1.mysecurecloudhost.com, DNS:*.usc1.stableserver.net, DNS:*.use1.mysecurecloudhost.com, DNS:*.use1.stableserver.net, DNS:*.whgi.net
    at ignore-listed frames {
  code: 'ESOCKET',
  reason: "Host: localhost. is not in the cert's altnames: DNS:whgi.net, DNS:*.bom1.mysecurecloudhost.com, DNS:*.bom1.stableserver.net, DNS:*.can1.mysecurecloudhost.com, DNS:*.can1.stableserver.net, DNS:*.col1.mysecurecloudhost.com, DNS:*.col1.stableserver.net, DNS:*.dxb1.mysecurecloudhost.com, DNS:*.dxb1.stableserver.net, DNS:*.fra1.mysecurecloudhost.com, DNS:*.fra1.stableserver.net, DNS:*.lon1.mysecurecloudhost.com, DNS:*.lon1.stableserver.net, DNS:*.lux1.mysecurecloudhost.com, DNS:*.lux1.stableserver.net, DNS:*.mex1.mysecurecloudhost.com, DNS:*.mex1.stableserver.net, DNS:*.mysecurecloudhost.com, DNS:*.sgp1.mysecurecloudhost.com, DNS:*.sgp1.stableserver.net, DNS:*.stableserver.net, DNS:*.syd1.mysecurecloudhost.com, DNS:*.syd1.stableserver.net, DNS:*.usc1.mysecurecloudhost.com, DNS:*.usc1.stableserver.net, DNS:*.use1.mysecurecloudhost.com, DNS:*.use1.stableserver.net, DNS:*.whgi.net",
  host: 'localhost',
  cert: [Object],
  command: 'CONN'
}
Email sending error: Error: Hostname/IP does not match certificate's altnames: Host: localhost. is not in the cert's altnames: DNS:whgi.net, DNS:*.bom1.mysecurecloudhost.com, DNS:*.bom1.stableserver.net, DNS:*.can1.mysecurecloudhost.com, DNS:*.can1.stableserver.net, DNS:*.col1.mysecurecloudhost.com, DNS:*.col1.stableserver.net, DNS:*.dxb1.mysecurecloudhost.com, DNS:*.dxb1.stableserver.net, DNS:*.fra1.mysecurecloudhost.com, DNS:*.fra1.stableserver.net, DNS:*.lon1.mysecurecloudhost.com, DNS:*.lon1.stableserver.net, DNS:*.lux1.mysecurecloudhost.com, DNS:*.lux1.stableserver.net, DNS:*.mex1.mysecurecloudhost.com, DNS:*.mex1.stableserver.net, DNS:*.mysecurecloudhost.com, DNS:*.sgp1.mysecurecloudhost.com, DNS:*.sgp1.stableserver.net, DNS:*.stableserver.net, DNS:*.syd1.mysecurecloudhost.com, DNS:*.syd1.stableserver.net, DNS:*.usc1.mysecurecloudhost.com, DNS:*.usc1.stableserver.net, DNS:*.use1.mysecurecloudhost.com, DNS:*.use1.stableserver.net, DNS:*.whgi.net
    at ignore-listed frames {
  code: 'ESOCKET',
  reason: "Host: localhost. is not in the cert's altnames: DNS:whgi.net, DNS:*.bom1.mysecurecloudhost.com, DNS:*.bom1.stableserver.net, DNS:*.can1.mysecurecloudhost.com, DNS:*.can1.stableserver.net, DNS:*.col1.mysecurecloudhost.com, DNS:*.col1.stableserver.net, DNS:*.dxb1.mysecurecloudhost.com, DNS:*.dxb1.stableserver.net, DNS:*.fra1.mysecurecloudhost.com, DNS:*.fra1.stableserver.net, DNS:*.lon1.mysecurecloudhost.com, DNS:*.lon1.stableserver.net, DNS:*.lux1.mysecurecloudhost.com, DNS:*.lux1.stableserver.net, DNS:*.mex1.mysecurecloudhost.com, DNS:*.mex1.stableserver.net, DNS:*.mysecurecloudhost.com, DNS:*.sgp1.mysecurecloudhost.com, DNS:*.sgp1.stableserver.net, DNS:*.stableserver.net, DNS:*.syd1.mysecurecloudhost.com, DNS:*.syd1.stableserver.net, DNS:*.usc1.mysecurecloudhost.com, DNS:*.usc1.stableserver.net, DNS:*.use1.mysecurecloudhost.com, DNS:*.use1.stableserver.net, DNS:*.whgi.net",
  host: 'localhost',
  cert: [Object],
  command: 'CONN'
}
Email sending error: Error: Hostname/IP does not match certificate's altnames: Host: localhost. is not in the cert's altnames: DNS:whgi.net, DNS:*.bom1.mysecurecloudhost.com, DNS:*.bom1.stableserver.net, DNS:*.can1.mysecurecloudhost.com, DNS:*.can1.stableserver.net, DNS:*.col1.mysecurecloudhost.com, DNS:*.col1.stableserver.net, DNS:*.dxb1.mysecurecloudhost.com, DNS:*.dxb1.stableserver.net, DNS:*.fra1.mysecurecloudhost.com, DNS:*.fra1.stableserver.net, DNS:*.lon1.mysecurecloudhost.com, DNS:*.lon1.stableserver.net, DNS:*.lux1.mysecurecloudhost.com, DNS:*.lux1.stableserver.net, DNS:*.mex1.mysecurecloudhost.com, DNS:*.mex1.stableserver.net, DNS:*.mysecurecloudhost.com, DNS:*.sgp1.mysecurecloudhost.com, DNS:*.sgp1.stableserver.net, DNS:*.stableserver.net, DNS:*.syd1.mysecurecloudhost.com, DNS:*.syd1.stableserver.net, DNS:*.usc1.mysecurecloudhost.com, DNS:*.usc1.stableserver.net, DNS:*.use1.mysecurecloudhost.com, DNS:*.use1.stableserver.net, DNS:*.whgi.net
    at ignore-listed frames {
  code: 'ESOCKET',
  reason: "Host: localhost. is not in the cert's altnames: DNS:whgi.net, DNS:*.bom1.mysecurecloudhost.com, DNS:*.bom1.stableserver.net, DNS:*.can1.mysecurecloudhost.com, DNS:*.can1.stableserver.net, DNS:*.col1.mysecurecloudhost.com, DNS:*.col1.stableserver.net, DNS:*.dxb1.mysecurecloudhost.com, DNS:*.dxb1.stableserver.net, DNS:*.fra1.mysecurecloudhost.com, DNS:*.fra1.stableserver.net, DNS:*.lon1.mysecurecloudhost.com, DNS:*.lon1.stableserver.net, DNS:*.lux1.mysecurecloudhost.com, DNS:*.lux1.stableserver.net, DNS:*.mex1.mysecurecloudhost.com, DNS:*.mex1.stableserver.net, DNS:*.mysecurecloudhost.com, DNS:*.sgp1.mysecurecloudhost.com, DNS:*.sgp1.stableserver.net, DNS:*.stableserver.net, DNS:*.syd1.mysecurecloudhost.com, DNS:*.syd1.stableserver.net, DNS:*.usc1.mysecurecloudhost.com, DNS:*.usc1.stableserver.net, DNS:*.use1.mysecurecloudhost.com, DNS:*.use1.stableserver.net, DNS:*.whgi.net",
  host: 'localhost',
  cert: [Object],
  command: 'CONN'
}
Email sending error: Error: Hostname/IP does not match certificate's altnames: Host: localhost. is not in the cert's altnames: DNS:whgi.net, DNS:*.bom1.mysecurecloudhost.com, DNS:*.bom1.stableserver.net, DNS:*.can1.mysecurecloudhost.com, DNS:*.can1.stableserver.net, DNS:*.col1.mysecurecloudhost.com, DNS:*.col1.stableserver.net, DNS:*.dxb1.mysecurecloudhost.com, DNS:*.dxb1.stableserver.net, DNS:*.fra1.mysecurecloudhost.com, DNS:*.fra1.stableserver.net, DNS:*.lon1.mysecurecloudhost.com, DNS:*.lon1.stableserver.net, DNS:*.lux1.mysecurecloudhost.com, DNS:*.lux1.stableserver.net, DNS:*.mex1.mysecurecloudhost.com, DNS:*.mex1.stableserver.net, DNS:*.mysecurecloudhost.com, DNS:*.sgp1.mysecurecloudhost.com, DNS:*.sgp1.stableserver.net, DNS:*.stableserver.net, DNS:*.syd1.mysecurecloudhost.com, DNS:*.syd1.stableserver.net, DNS:*.usc1.mysecurecloudhost.com, DNS:*.usc1.stableserver.net, DNS:*.use1.mysecurecloudhost.com, DNS:*.use1.stableserver.net, DNS:*.whgi.net
    at ignore-listed frames {
  code: 'ESOCKET',
  reason: "Host: localhost. is not in the cert's altnames: DNS:whgi.net, DNS:*.bom1.mysecurecloudhost.com, DNS:*.bom1.stableserver.net, DNS:*.can1.mysecurecloudhost.com, DNS:*.can1.stableserver.net, DNS:*.col1.mysecurecloudhost.com, DNS:*.col1.stableserver.net, DNS:*.dxb1.mysecurecloudhost.com, DNS:*.dxb1.stableserver.net, DNS:*.fra1.mysecurecloudhost.com, DNS:*.fra1.stableserver.net, DNS:*.lon1.mysecurecloudhost.com, DNS:*.lon1.stableserver.net, DNS:*.lux1.mysecurecloudhost.com, DNS:*.lux1.stableserver.net, DNS:*.mex1.mysecurecloudhost.com, DNS:*.mex1.stableserver.net, DNS:*.mysecurecloudhost.com, DNS:*.sgp1.mysecurecloudhost.com, DNS:*.sgp1.stableserver.net, DNS:*.stableserver.net, DNS:*.syd1.mysecurecloudhost.com, DNS:*.syd1.stableserver.net, DNS:*.usc1.mysecurecloudhost.com, DNS:*.usc1.stableserver.net, DNS:*.use1.mysecurecloudhost.com, DNS:*.use1.stableserver.net, DNS:*.whgi.net",
  host: 'localhost',
  cert: [Object],
  command: 'CONN'
}
Email sending error: Error: Hostname/IP does not match certificate's altnames: Host: localhost. is not in the cert's altnames: DNS:whgi.net, DNS:*.bom1.mysecurecloudhost.com, DNS:*.bom1.stableserver.net, DNS:*.can1.mysecurecloudhost.com, DNS:*.can1.stableserver.net, DNS:*.col1.mysecurecloudhost.com, DNS:*.col1.stableserver.net, DNS:*.dxb1.mysecurecloudhost.com, DNS:*.dxb1.stableserver.net, DNS:*.fra1.mysecurecloudhost.com, DNS:*.fra1.stableserver.net, DNS:*.lon1.mysecurecloudhost.com, DNS:*.lon1.stableserver.net, DNS:*.lux1.mysecurecloudhost.com, DNS:*.lux1.stableserver.net, DNS:*.mex1.mysecurecloudhost.com, DNS:*.mex1.stableserver.net, DNS:*.mysecurecloudhost.com, DNS:*.sgp1.mysecurecloudhost.com, DNS:*.sgp1.stableserver.net, DNS:*.stableserver.net, DNS:*.syd1.mysecurecloudhost.com, DNS:*.syd1.stableserver.net, DNS:*.usc1.mysecurecloudhost.com, DNS:*.usc1.stableserver.net, DNS:*.use1.mysecurecloudhost.com, DNS:*.use1.stableserver.net, DNS:*.whgi.net
    at ignore-listed frames {
  code: 'ESOCKET',
  reason: "Host: localhost. is not in the cert's altnames: DNS:whgi.net, DNS:*.bom1.mysecurecloudhost.com, DNS:*.bom1.stableserver.net, DNS:*.can1.mysecurecloudhost.com, DNS:*.can1.stableserver.net, DNS:*.col1.mysecurecloudhost.com, DNS:*.col1.stableserver.net, DNS:*.dxb1.mysecurecloudhost.com, DNS:*.dxb1.stableserver.net, DNS:*.fra1.mysecurecloudhost.com, DNS:*.fra1.stableserver.net, DNS:*.lon1.mysecurecloudhost.com, DNS:*.lon1.stableserver.net, DNS:*.lux1.mysecurecloudhost.com, DNS:*.lux1.stableserver.net, DNS:*.mex1.mysecurecloudhost.com, DNS:*.mex1.stableserver.net, DNS:*.mysecurecloudhost.com, DNS:*.sgp1.mysecurecloudhost.com, DNS:*.sgp1.stableserver.net, DNS:*.stableserver.net, DNS:*.syd1.mysecurecloudhost.com, DNS:*.syd1.stableserver.net, DNS:*.usc1.mysecurecloudhost.com, DNS:*.usc1.stableserver.net, DNS:*.use1.mysecurecloudhost.com, DNS:*.use1.stableserver.net, DNS:*.whgi.net",
  host: 'localhost',
  cert: [Object],
  command: 'CONN'
}
Email sending error: Error: Hostname/IP does not match certificate's altnames: Host: localhost. is not in the cert's altnames: DNS:whgi.net, DNS:*.bom1.mysecurecloudhost.com, DNS:*.bom1.stableserver.net, DNS:*.can1.mysecurecloudhost.com, DNS:*.can1.stableserver.net, DNS:*.col1.mysecurecloudhost.com, DNS:*.col1.stableserver.net, DNS:*.dxb1.mysecurecloudhost.com, DNS:*.dxb1.stableserver.net, DNS:*.fra1.mysecurecloudhost.com, DNS:*.fra1.stableserver.net, DNS:*.lon1.mysecurecloudhost.com, DNS:*.lon1.stableserver.net, DNS:*.lux1.mysecurecloudhost.com, DNS:*.lux1.stableserver.net, DNS:*.mex1.mysecurecloudhost.com, DNS:*.mex1.stableserver.net, DNS:*.mysecurecloudhost.com, DNS:*.sgp1.mysecurecloudhost.com, DNS:*.sgp1.stableserver.net, DNS:*.stableserver.net, DNS:*.syd1.mysecurecloudhost.com, DNS:*.syd1.stableserver.net, DNS:*.usc1.mysecurecloudhost.com, DNS:*.usc1.stableserver.net, DNS:*.use1.mysecurecloudhost.com, DNS:*.use1.stableserver.net, DNS:*.whgi.net
    at ignore-listed frames {
  code: 'ESOCKET',
  reason: "Host: localhost. is not in the cert's altnames: DNS:whgi.net, DNS:*.bom1.mysecurecloudhost.com, DNS:*.bom1.stableserver.net, DNS:*.can1.mysecurecloudhost.com, DNS:*.can1.stableserver.net, DNS:*.col1.mysecurecloudhost.com, DNS:*.col1.stableserver.net, DNS:*.dxb1.mysecurecloudhost.com, DNS:*.dxb1.stableserver.net, DNS:*.fra1.mysecurecloudhost.com, DNS:*.fra1.stableserver.net, DNS:*.lon1.mysecurecloudhost.com, DNS:*.lon1.stableserver.net, DNS:*.lux1.mysecurecloudhost.com, DNS:*.lux1.stableserver.net, DNS:*.mex1.mysecurecloudhost.com, DNS:*.mex1.stableserver.net, DNS:*.mysecurecloudhost.com, DNS:*.sgp1.mysecurecloudhost.com, DNS:*.sgp1.stableserver.net, DNS:*.stableserver.net, DNS:*.syd1.mysecurecloudhost.com, DNS:*.syd1.stableserver.net, DNS:*.usc1.mysecurecloudhost.com, DNS:*.usc1.stableserver.net, DNS:*.use1.mysecurecloudhost.com, DNS:*.use1.stableserver.net, DNS:*.whgi.net",
  host: 'localhost',
  cert: [Object],
  command: 'CONN'
}
Email sending error: Error: Hostname/IP does not match certificate's altnames: Host: localhost. is not in the cert's altnames: DNS:whgi.net, DNS:*.bom1.mysecurecloudhost.com, DNS:*.bom1.stableserver.net, DNS:*.can1.mysecurecloudhost.com, DNS:*.can1.stableserver.net, DNS:*.col1.mysecurecloudhost.com, DNS:*.col1.stableserver.net, DNS:*.dxb1.mysecurecloudhost.com, DNS:*.dxb1.stableserver.net, DNS:*.fra1.mysecurecloudhost.com, DNS:*.fra1.stableserver.net, DNS:*.lon1.mysecurecloudhost.com, DNS:*.lon1.stableserver.net, DNS:*.lux1.mysecurecloudhost.com, DNS:*.lux1.stableserver.net, DNS:*.mex1.mysecurecloudhost.com, DNS:*.mex1.stableserver.net, DNS:*.mysecurecloudhost.com, DNS:*.sgp1.mysecurecloudhost.com, DNS:*.sgp1.stableserver.net, DNS:*.stableserver.net, DNS:*.syd1.mysecurecloudhost.com, DNS:*.syd1.stableserver.net, DNS:*.usc1.mysecurecloudhost.com, DNS:*.usc1.stableserver.net, DNS:*.use1.mysecurecloudhost.com, DNS:*.use1.stableserver.net, DNS:*.whgi.net
    at ignore-listed frames {
  code: 'ESOCKET',
  reason: "Host: localhost. is not in the cert's altnames: DNS:whgi.net, DNS:*.bom1.mysecurecloudhost.com, DNS:*.bom1.stableserver.net, DNS:*.can1.mysecurecloudhost.com, DNS:*.can1.stableserver.net, DNS:*.col1.mysecurecloudhost.com, DNS:*.col1.stableserver.net, DNS:*.dxb1.mysecurecloudhost.com, DNS:*.dxb1.stableserver.net, DNS:*.fra1.mysecurecloudhost.com, DNS:*.fra1.stableserver.net, DNS:*.lon1.mysecurecloudhost.com, DNS:*.lon1.stableserver.net, DNS:*.lux1.mysecurecloudhost.com, DNS:*.lux1.stableserver.net, DNS:*.mex1.mysecurecloudhost.com, DNS:*.mex1.stableserver.net, DNS:*.mysecurecloudhost.com, DNS:*.sgp1.mysecurecloudhost.com, DNS:*.sgp1.stableserver.net, DNS:*.stableserver.net, DNS:*.syd1.mysecurecloudhost.com, DNS:*.syd1.stableserver.net, DNS:*.usc1.mysecurecloudhost.com, DNS:*.usc1.stableserver.net, DNS:*.use1.mysecurecloudhost.com, DNS:*.use1.stableserver.net, DNS:*.whgi.net",
  host: 'localhost',
  cert: [Object],
  command: 'CONN'
}
Error: Failed to find Server Action "d37ec139b87f9e48c2a007d32fc98ff8f36ff9a3". This request might be from an older or newer deployment.
Read more: https://nextjs.org/docs/messages/failed-to-find-server-action
    at ignore-listed frames
/home/accelvia/nodevenv/public_html/website/24/bin/node: fork: retry: Resource temporarily unavailable
/home/accelvia/nodevenv/public_html/website/24/bin/node: fork: retry: Resource temporarily unavailable
/home/accelvia/nodevenv/public_html/website/24/bin/node: fork: retry: Resource temporarily unavailable
/home/accelvia/nodevenv/public_html/website/24/bin/node: fork: retry: Resource temporarily unavailable
/home/accelvia/nodevenv/public_html/website/24/bin/node: fork: Resource temporarily unavailable
/home/accelvia/nodevenv/public_html/website/24/bin/node: fork: retry: Resource temporarily unavailable
/home/accelvia/nodevenv/public_html/website/24/bin/node: fork: retry: Resource temporarily unavailable
/home/accelvia/nodevenv/public_html/website/24/bin/node: fork: retry: Resource temporarily unavailable
/home/accelvia/nodevenv/public_html/website/24/bin/node: fork: retry: Resource temporarily unavailable
/home/accelvia/nodevenv/public_html/website/24/bin/node: fork: Resource temporarily unavailable
/home/accelvia/nodevenv/public_html/website/24/bin/node: fork: retry: Resource temporarily unavailable
/home/accelvia/nodevenv/public_html/website/24/bin/node: fork: retry: Resource temporarily unavailable
/home/accelvia/nodevenv/public_html/website/24/bin/node: fork: retry: Resource temporarily unavailable
/home/accelvia/nodevenv/public_html/website/24/bin/node: fork: retry: Resource temporarily unavailable
/home/accelvia/nodevenv/public_html/website/24/bin/node: fork: Resource temporarily unavailable
/home/accelvia/nodevenv/public_html/website/24/bin/node: fork: retry: Resource temporarily unavailable
/home/accelvia/nodevenv/public_html/website/24/bin/node: fork: retry: Resource temporarily unavailable
/home/accelvia/nodevenv/public_html/website/24/bin/node: fork: retry: Resource temporarily unavailable
/home/accelvia/nodevenv/public_html/website/24/bin/node: fork: retry: Resource temporarily unavailable
/home/accelvia/nodevenv/public_html/website/24/bin/node: fork: Resource temporarily unavailable
/home/accelvia/nodevenv/public_html/website/24/bin/node: fork: retry: Resource temporarily unavailable
/home/accelvia/nodevenv/public_html/website/24/bin/node: fork: retry: Resource temporarily unavailable
/home/accelvia/nodevenv/public_html/website/24/bin/node: fork: retry: Resource temporarily unavailable
/home/accelvia/nodevenv/public_html/website/24/bin/node: fork: retry: Resource temporarily unavailable
/home/accelvia/nodevenv/public_html/website/24/bin/node: fork: Resource temporarily unavailable
/home/accelvia/nodevenv/public_html/website/24/bin/node: fork: retry: Resource temporarily unavailable
/home/accelvia/nodevenv/public_html/website/24/bin/node: fork: retry: Resource temporarily unavailable
/home/accelvia/nodevenv/public_html/website/24/bin/node: fork: retry: Resource temporarily unavailable
/home/accelvia/nodevenv/public_html/website/24/bin/node: fork: retry: Resource temporarily unavailable
/home/accelvia/nodevenv/public_html/website/24/bin/node: fork: Resource temporarily unavailable
/home/accelvia/nodevenv/public_html/website/24/bin/node: fork: retry: Resource temporarily unavailable
/home/accelvia/nodevenv/public_html/website/24/bin/node: fork: retry: Resource temporarily unavailable
/home/accelvia/nodevenv/public_html/website/24/bin/node: fork: retry: Resource temporarily unavailable
/home/accelvia/nodevenv/public_html/website/24/bin/node: fork: retry: Resource temporarily unavailable
/home/accelvia/nodevenv/public_html/website/24/bin/node: fork: Resource temporarily unavailable
/home/accelvia/nodevenv/public_html/website/24/bin/node: fork: retry: Resource temporarily unavailable
/home/accelvia/nodevenv/public_html/website/24/bin/node: fork: retry: Resource temporarily unavailable
/home/accelvia/nodevenv/public_html/website/24/bin/node: fork: retry: Resource temporarily unavailable
/home/accelvia/nodevenv/public_html/website/24/bin/node: fork: retry: Resource temporarily unavailable
/home/accelvia/nodevenv/public_html/website/24/bin/node: fork: Resource temporarily unavailable
/home/accelvia/nodevenv/public_html/website/24/bin/node: fork: retry: Resource temporarily unavailable
/home/accelvia/nodevenv/public_html/website/24/bin/node: fork: retry: Resource temporarily unavailable
/home/accelvia/nodevenv/public_html/website/24/bin/node: fork: retry: Resource temporarily unavailable
/home/accelvia/nodevenv/public_html/website/24/bin/node: fork: retry: Resource temporarily unavailable
/home/accelvia/nodevenv/public_html/website/24/bin/node: fork: Resource temporarily unavailable
/home/accelvia/nodevenv/public_html/website/24/bin/node: fork: retry: Resource temporarily unavailable
/home/accelvia/nodevenv/public_html/website/24/bin/node: fork: retry: Resource temporarily unavailable
/home/accelvia/nodevenv/public_html/website/24/bin/node: fork: retry: Resource temporarily unavailable
/home/accelvia/nodevenv/public_html/website/24/bin/node: fork: retry: Resource temporarily unavailable
/home/accelvia/nodevenv/public_html/website/24/bin/node: fork: Resource temporarily unavailable
/home/accelvia/nodevenv/public_html/website/24/bin/node: fork: retry: Resource temporarily unavailable
/home/accelvia/nodevenv/public_html/website/24/bin/node: fork: retry: Resource temporarily unavailable
/home/accelvia/nodevenv/public_html/website/24/bin/node: fork: retry: Resource temporarily unavailable
/home/accelvia/nodevenv/public_html/website/24/bin/node: fork: retry: Resource temporarily unavailable
/home/accelvia/nodevenv/public_html/website/24/bin/node: fork: Resource temporarily unavailable
/home/accelvia/nodevenv/public_html/website/24/bin/node: fork: retry: Resource temporarily unavailable
/home/accelvia/nodevenv/public_html/website/24/bin/node: fork: retry: Resource temporarily unavailable
/home/accelvia/nodevenv/public_html/website/24/bin/node: fork: retry: Resource temporarily unavailable
/home/accelvia/nodevenv/public_html/website/24/bin/node: fork: retry: Resource temporarily unavailable
/home/accelvia/nodevenv/public_html/website/24/bin/node: fork: Resource temporarily unavailable
/home/accelvia/nodevenv/public_html/website/24/bin/node: fork: retry: Resource temporarily unavailable
/home/accelvia/nodevenv/public_html/website/24/bin/node: fork: retry: Resource temporarily unavailable
/home/accelvia/nodevenv/public_html/website/24/bin/node: fork: retry: Resource temporarily unavailable
/home/accelvia/nodevenv/public_html/website/24/bin/node: fork: retry: Resource temporarily unavailable
/home/accelvia/nodevenv/public_html/website/24/bin/node: fork: Resource temporarily unavailable
/home/accelvia/nodevenv/public_html/website/24/bin/node: fork: retry: Resource temporarily unavailable
/home/accelvia/nodevenv/public_html/website/24/bin/node: fork: retry: Resource temporarily unavailable
/home/accelvia/nodevenv/public_html/website/24/bin/node: fork: retry: Resource temporarily unavailable
/home/accelvia/nodevenv/public_html/website/24/bin/node: fork: retry: Resource temporarily unavailable
/home/accelvia/nodevenv/public_html/website/24/bin/node: fork: Resource temporarily unavailable
/home/accelvia/nodevenv/public_html/website/24/bin/node: fork: retry: Resource temporarily unavailable
/home/accelvia/nodevenv/public_html/website/24/bin/node: fork: retry: Resource temporarily unavailable
/home/accelvia/nodevenv/public_html/website/24/bin/node: fork: retry: Resource temporarily unavailable
/home/accelvia/nodevenv/public_html/website/24/bin/node: fork: retry: Resource temporarily unavailable
/home/accelvia/nodevenv/public_html/website/24/bin/node: fork: Resource temporarily unavailable
/home/accelvia/nodevenv/public_html/website/24/bin/node: fork: retry: Resource temporarily unavailable
/home/accelvia/nodevenv/public_html/website/24/bin/node: fork: retry: Resource temporarily unavailable
/home/accelvia/nodevenv/public_html/website/24/bin/node: fork: retry: Resource temporarily unavailable
/home/accelvia/nodevenv/public_html/website/24/bin/node: fork: retry: Resource temporarily unavailable
/home/accelvia/nodevenv/public_html/website/24/bin/node: fork: Resource temporarily unavailable
/home/accelvia/nodevenv/public_html/website/24/bin/node: fork: retry: Resource temporarily unavailable
/home/accelvia/nodevenv/public_html/website/24/bin/node: fork: retry: Resource temporarily unavailable
/home/accelvia/nodevenv/public_html/website/24/bin/node: fork: retry: Resource temporarily unavailable
/home/accelvia/nodevenv/public_html/website/24/bin/node: fork: retry: Resource temporarily unavailable
/home/accelvia/nodevenv/public_html/website/24/bin/node: fork: Resource temporarily unavailable
/home/accelvia/nodevenv/public_html/website/24/bin/node: fork: retry: Resource temporarily unavailable
/home/accelvia/nodevenv/public_html/website/24/bin/node: fork: retry: Resource temporarily unavailable
/home/accelvia/nodevenv/public_html/website/24/bin/node: fork: retry: Resource temporarily unavailable
/home/accelvia/nodevenv/public_html/website/24/bin/node: fork: retry: Resource temporarily unavailable
/home/accelvia/nodevenv/public_html/website/24/bin/node: fork: Resource temporarily unavailable
/home/accelvia/nodevenv/public_html/website/24/bin/node: fork: retry: Resource temporarily unavailable
/home/accelvia/nodevenv/public_html/website/24/bin/node: fork: retry: Resource temporarily unavailable
/home/accelvia/nodevenv/public_html/website/24/bin/node: fork: retry: Resource temporarily unavailable
/home/accelvia/nodevenv/public_html/website/24/bin/node: fork: retry: Resource temporarily unavailable
/home/accelvia/nodevenv/public_html/website/24/bin/node: fork: Resource temporarily unavailable
/home/accelvia/nodevenv/public_html/website/24/bin/node: fork: retry: Resource temporarily unavailable
/home/accelvia/nodevenv/public_html/website/24/bin/node: fork: retry: Resource temporarily unavailable
/home/accelvia/nodevenv/public_html/website/24/bin/node: fork: retry: Resource temporarily unavailable
/home/accelvia/nodevenv/public_html/website/24/bin/node: fork: retry: Resource temporarily unavailable
/home/accelvia/nodevenv/public_html/website/24/bin/node: fork: Resource temporarily unavailable
/home/accelvia/nodevenv/public_html/website/24/bin/node: fork: retry: Resource temporarily unavailable
/home/accelvia/nodevenv/public_html/website/24/bin/node: fork: retry: Resource temporarily unavailable
/home/accelvia/nodevenv/public_html/website/24/bin/node: fork: retry: Resource temporarily unavailable
/home/accelvia/nodevenv/public_html/website/24/bin/node: fork: retry: Resource temporarily unavailable
/home/accelvia/nodevenv/public_html/website/24/bin/node: fork: Resource temporarily unavailable
/home/accelvia/nodevenv/public_html/website/24/bin/node: fork: retry: Resource temporarily unavailable
/home/accelvia/nodevenv/public_html/website/24/bin/node: fork: retry: Resource temporarily unavailable
/home/accelvia/nodevenv/public_html/website/24/bin/node: fork: retry: Resource temporarily unavailable
/home/accelvia/nodevenv/public_html/website/24/bin/node: fork: retry: Resource temporarily unavailable
/home/accelvia/nodevenv/public_html/website/24/bin/node: fork: Resource temporarily unavailable
/home/accelvia/nodevenv/public_html/website/24/bin/node: fork: retry: Resource temporarily unavailable
/home/accelvia/nodevenv/public_html/website/24/bin/node: fork: retry: Resource temporarily unavailable
/home/accelvia/nodevenv/public_html/website/24/bin/node: fork: retry: Resource temporarily unavailable
/home/accelvia/nodevenv/public_html/website/24/bin/node: fork: retry: Resource temporarily unavailable
/home/accelvia/nodevenv/public_html/website/24/bin/node: fork: Resource temporarily unavailable
/home/accelvia/nodevenv/public_html/website/24/bin/node: fork: retry: Resource temporarily unavailable
/home/accelvia/nodevenv/public_html/website/24/bin/node: fork: retry: Resource temporarily unavailable
/home/accelvia/nodevenv/public_html/website/24/bin/node: fork: retry: Resource temporarily unavailable
/home/accelvia/nodevenv/public_html/website/24/bin/node: fork: retry: Resource temporarily unavailable
/home/accelvia/nodevenv/public_html/website/24/bin/node: fork: Resource temporarily unavailable
/home/accelvia/nodevenv/public_html/website/24/bin/node: fork: retry: Resource temporarily unavailable
/home/accelvia/nodevenv/public_html/website/24/bin/node: fork: retry: Resource temporarily unavailable
/home/accelvia/nodevenv/public_html/website/24/bin/node: fork: retry: Resource temporarily unavailable
/home/accelvia/nodevenv/public_html/website/24/bin/node: fork: retry: Resource temporarily unavailable
/home/accelvia/nodevenv/public_html/website/24/bin/node: fork: Resource temporarily unavailable
/home/accelvia/nodevenv/public_html/website/24/bin/node: fork: retry: Resource temporarily unavailable
/home/accelvia/nodevenv/public_html/website/24/bin/node: fork: retry: Resource temporarily unavailable
/home/accelvia/nodevenv/public_html/website/24/bin/node: fork: retry: Resource temporarily unavailable
/home/accelvia/nodevenv/public_html/website/24/bin/node: fork: retry: Resource temporarily unavailable
/home/accelvia/nodevenv/public_html/website/24/bin/node: fork: Resource temporarily unavailable
/home/accelvia/nodevenv/public_html/website/24/bin/node: fork: retry: Resource temporarily unavailable
/home/accelvia/nodevenv/public_html/website/24/bin/node: fork: retry: Resource temporarily unavailable
/home/accelvia/nodevenv/public_html/website/24/bin/node: fork: retry: Resource temporarily unavailable
/home/accelvia/nodevenv/public_html/website/24/bin/node: fork: retry: Resource temporarily unavailable
/home/accelvia/nodevenv/public_html/website/24/bin/node: fork: Resource temporarily unavailable
/home/accelvia/nodevenv/public_html/website/24/bin/node: fork: retry: Resource temporarily unavailable
/home/accelvia/nodevenv/public_html/website/24/bin/node: fork: retry: Resource temporarily unavailable
/home/accelvia/nodevenv/public_html/website/24/bin/node: fork: retry: Resource temporarily unavailable
/home/accelvia/nodevenv/public_html/website/24/bin/node: fork: retry: Resource temporarily unavailable
/home/accelvia/nodevenv/public_html/website/24/bin/node: fork: Resource temporarily unavailable
/home/accelvia/nodevenv/public_html/website/24/bin/node: fork: retry: Resource temporarily unavailable
/home/accelvia/nodevenv/public_html/website/24/bin/node: fork: retry: Resource temporarily unavailable
/home/accelvia/nodevenv/public_html/website/24/bin/node: fork: retry: Resource temporarily unavailable
/home/accelvia/nodevenv/public_html/website/24/bin/node: fork: retry: Resource temporarily unavailable
/home/accelvia/nodevenv/public_html/website/24/bin/node: fork: Resource temporarily unavailable
/home/accelvia/nodevenv/public_html/website/24/bin/node: fork: retry: Resource temporarily unavailable
/home/accelvia/nodevenv/public_html/website/24/bin/node: fork: retry: Resource temporarily unavailable
/home/accelvia/nodevenv/public_html/website/24/bin/node: fork: retry: Resource temporarily unavailable
/home/accelvia/nodevenv/public_html/website/24/bin/node: fork: retry: Resource temporarily unavailable
/home/accelvia/nodevenv/public_html/website/24/bin/node: fork: Resource temporarily unavailable
/home/accelvia/nodevenv/public_html/website/24/bin/node: fork: retry: Resource temporarily unavailable
/home/accelvia/nodevenv/public_html/website/24/bin/node: fork: retry: Resource temporarily unavailable
/home/accelvia/nodevenv/public_html/website/24/bin/node: fork: retry: Resource temporarily unavailable
/home/accelvia/nodevenv/public_html/website/24/bin/node: fork: retry: Resource temporarily unavailable
/home/accelvia/nodevenv/public_html/website/24/bin/node: fork: Resource temporarily unavailable
/home/accelvia/nodevenv/public_html/website/24/bin/node: fork: retry: Resource temporarily unavailable
/home/accelvia/nodevenv/public_html/website/24/bin/node: fork: retry: Resource temporarily unavailable
/home/accelvia/nodevenv/public_html/website/24/bin/node: fork: retry: Resource temporarily unavailable
/home/accelvia/nodevenv/public_html/website/24/bin/node: fork: retry: Resource temporarily unavailable
/home/accelvia/nodevenv/public_html/website/24/bin/node: fork: Resource temporarily unavailable
/home/accelvia/nodevenv/public_html/website/24/bin/node: fork: retry: Resource temporarily unavailable
/home/accelvia/nodevenv/public_html/website/24/bin/node: fork: retry: Resource temporarily unavailable
/home/accelvia/nodevenv/public_html/website/24/bin/node: fork: retry: Resource temporarily unavailable
/home/accelvia/nodevenv/public_html/website/24/bin/node: fork: retry: Resource temporarily unavailable
/home/accelvia/nodevenv/public_html/website/24/bin/node: fork: Resource temporarily unavailable
/home/accelvia/nodevenv/public_html/website/24/bin/node: fork: retry: Resource temporarily unavailable
/home/accelvia/nodevenv/public_html/website/24/bin/node: fork: retry: Resource temporarily unavailable
/home/accelvia/nodevenv/public_html/website/24/bin/node: fork: retry: Resource temporarily unavailable
/home/accelvia/nodevenv/public_html/website/24/bin/node: fork: retry: Resource temporarily unavailable
/home/accelvia/nodevenv/public_html/website/24/bin/node: fork: Resource temporarily unavailable
/home/accelvia/nodevenv/public_html/website/24/bin/node: fork: retry: Resource temporarily unavailable
/home/accelvia/nodevenv/public_html/website/24/bin/node: fork: retry: Resource temporarily unavailable
/home/accelvia/nodevenv/public_html/website/24/bin/node: fork: retry: Resource temporarily unavailable
/home/accelvia/nodevenv/public_html/website/24/bin/node: fork: retry: Resource temporarily unavailable
/home/accelvia/nodevenv/public_html/website/24/bin/node: fork: Resource temporarily unavailable
/home/accelvia/nodevenv/public_html/website/24/bin/node: fork: retry: Resource temporarily unavailable
/home/accelvia/nodevenv/public_html/website/24/bin/node: fork: retry: Resource temporarily unavailable
/home/accelvia/nodevenv/public_html/website/24/bin/node: fork: retry: Resource temporarily unavailable
/home/accelvia/nodevenv/public_html/website/24/bin/node: fork: retry: Resource temporarily unavailable
/home/accelvia/nodevenv/public_html/website/24/bin/node: fork: Resource temporarily unavailable
/home/accelvia/nodevenv/public_html/website/24/bin/node: fork: retry: Resource temporarily unavailable
/home/accelvia/nodevenv/public_html/website/24/bin/node: fork: retry: Resource temporarily unavailable
/home/accelvia/nodevenv/public_html/website/24/bin/node: fork: retry: Resource temporarily unavailable
/home/accelvia/nodevenv/public_html/website/24/bin/node: fork: retry: Resource temporarily unavailable
/home/accelvia/nodevenv/public_html/website/24/bin/node: fork: Resource temporarily unavailable
/home/accelvia/nodevenv/public_html/website/24/bin/node: fork: retry: Resource temporarily unavailable
/home/accelvia/nodevenv/public_html/website/24/bin/node: fork: retry: Resource temporarily unavailable
/home/accelvia/nodevenv/public_html/website/24/bin/node: fork: retry: Resource temporarily unavailable
/home/accelvia/nodevenv/public_html/website/24/bin/node: fork: retry: Resource temporarily unavailable
/home/accelvia/nodevenv/public_html/website/24/bin/node: fork: Resource temporarily unavailable
/home/accelvia/nodevenv/public_html/website/24/bin/node: fork: retry: Resource temporarily unavailable
/home/accelvia/nodevenv/public_html/website/24/bin/node: fork: retry: Resource temporarily unavailable
/home/accelvia/nodevenv/public_html/website/24/bin/node: fork: retry: Resource temporarily unavailable
/home/accelvia/nodevenv/public_html/website/24/bin/node: fork: retry: Resource temporarily unavailable
/home/accelvia/nodevenv/public_html/website/24/bin/node: fork: Resource temporarily unavailable
/home/accelvia/nodevenv/public_html/website/24/bin/node: fork: retry: Resource temporarily unavailable
/home/accelvia/nodevenv/public_html/website/24/bin/node: fork: retry: Resource temporarily unavailable
/home/accelvia/nodevenv/public_html/website/24/bin/node: fork: retry: Resource temporarily unavailable
/home/accelvia/nodevenv/public_html/website/24/bin/node: fork: retry: Resource temporarily unavailable
/home/accelvia/nodevenv/public_html/website/24/bin/node: fork: Resource temporarily unavailable
/home/accelvia/nodevenv/public_html/website/24/bin/node: fork: retry: Resource temporarily unavailable
/home/accelvia/nodevenv/public_html/website/24/bin/node: fork: retry: Resource temporarily unavailable
/home/accelvia/nodevenv/public_html/website/24/bin/node: fork: retry: Resource temporarily unavailable
/home/accelvia/nodevenv/public_html/website/24/bin/node: fork: retry: Resource temporarily unavailable
/home/accelvia/nodevenv/public_html/website/24/bin/node: fork: Resource temporarily unavailable
/home/accelvia/nodevenv/public_html/website/24/bin/node: fork: retry: Resource temporarily unavailable
/home/accelvia/nodevenv/public_html/website/24/bin/node: fork: retry: Resource temporarily unavailable
/home/accelvia/nodevenv/public_html/website/24/bin/node: fork: retry: Resource temporarily unavailable
/home/accelvia/nodevenv/public_html/website/24/bin/node: fork: retry: Resource temporarily unavailable
/home/accelvia/nodevenv/public_html/website/24/bin/node: fork: Resource temporarily unavailable
/home/accelvia/nodevenv/public_html/website/24/bin/node: fork: retry: Resource temporarily unavailable
/home/accelvia/nodevenv/public_html/website/24/bin/node: fork: retry: Resource temporarily unavailable
/home/accelvia/nodevenv/public_html/website/24/bin/node: fork: retry: Resource temporarily unavailable
/home/accelvia/nodevenv/public_html/website/24/bin/node: fork: retry: Resource temporarily unavailable
/home/accelvia/nodevenv/public_html/website/24/bin/node: fork: Resource temporarily unavailable
/home/accelvia/nodevenv/public_html/website/24/bin/node: fork: retry: Resource temporarily unavailable
/home/accelvia/nodevenv/public_html/website/24/bin/node: fork: retry: Resource temporarily unavailable
/home/accelvia/nodevenv/public_html/website/24/bin/node: fork: retry: Resource temporarily unavailable
/home/accelvia/nodevenv/public_html/website/24/bin/node: fork: retry: Resource temporarily unavailable
/home/accelvia/nodevenv/public_html/website/24/bin/node: fork: Resource temporarily unavailable
/home/accelvia/nodevenv/public_html/website/24/bin/node: fork: retry: Resource temporarily unavailable
/home/accelvia/nodevenv/public_html/website/24/bin/node: fork: retry: Resource temporarily unavailable
/home/accelvia/nodevenv/public_html/website/24/bin/node: fork: retry: Resource temporarily unavailable
/home/accelvia/nodevenv/public_html/website/24/bin/node: fork: retry: Resource temporarily unavailable
/home/accelvia/nodevenv/public_html/website/24/bin/node: fork: Resource temporarily unavailable
/home/accelvia/nodevenv/public_html/website/24/bin/node: fork: retry: Resource temporarily unavailable
/home/accelvia/nodevenv/public_html/website/24/bin/node: fork: retry: Resource temporarily unavailable
/home/accelvia/nodevenv/public_html/website/24/bin/node: fork: retry: Resource temporarily unavailable
/home/accelvia/nodevenv/public_html/website/24/bin/node: fork: retry: Resource temporarily unavailable
/home/accelvia/nodevenv/public_html/website/24/bin/node: fork: Resource temporarily unavailable
/home/accelvia/nodevenv/public_html/website/24/bin/node: fork: retry: Resource temporarily unavailable
/home/accelvia/nodevenv/public_html/website/24/bin/node: fork: retry: Resource temporarily unavailable
/home/accelvia/nodevenv/public_html/website/24/bin/node: fork: retry: Resource temporarily unavailable
/home/accelvia/nodevenv/public_html/website/24/bin/node: fork: retry: Resource temporarily unavailable
/home/accelvia/nodevenv/public_html/website/24/bin/node: fork: Resource temporarily unavailable
/home/accelvia/nodevenv/public_html/website/24/bin/node: fork: retry: Resource temporarily unavailable
/home/accelvia/nodevenv/public_html/website/24/bin/node: fork: retry: Resource temporarily unavailable
/home/accelvia/nodevenv/public_html/website/24/bin/node: fork: retry: Resource temporarily unavailable
/home/accelvia/nodevenv/public_html/website/24/bin/node: fork: retry: Resource temporarily unavailable
/home/accelvia/nodevenv/public_html/website/24/bin/node: fork: Resource temporarily unavailable
/home/accelvia/nodevenv/public_html/website/24/bin/node: fork: retry: Resource temporarily unavailable
/home/accelvia/nodevenv/public_html/website/24/bin/node: fork: retry: Resource temporarily unavailable
/home/accelvia/nodevenv/public_html/website/24/bin/node: fork: retry: Resource temporarily unavailable
/home/accelvia/nodevenv/public_html/website/24/bin/node: fork: retry: Resource temporarily unavailable
/home/accelvia/nodevenv/public_html/website/24/bin/node: fork: Resource temporarily unavailable
/home/accelvia/nodevenv/public_html/website/24/bin/node: fork: retry: Resource temporarily unavailable
/home/accelvia/nodevenv/public_html/website/24/bin/node: fork: retry: Resource temporarily unavailable
/home/accelvia/nodevenv/public_html/website/24/bin/node: fork: retry: Resource temporarily unavailable
/home/accelvia/nodevenv/public_html/website/24/bin/node: fork: retry: Resource temporarily unavailable
/home/accelvia/nodevenv/public_html/website/24/bin/node: fork: Resource temporarily unavailable
/home/accelvia/nodevenv/public_html/website/24/bin/node: fork: retry: Resource temporarily unavailable
/home/accelvia/nodevenv/public_html/website/24/bin/node: fork: retry: Resource temporarily unavailable
/home/accelvia/nodevenv/public_html/website/24/bin/node: fork: retry: Resource temporarily unavailable
/home/accelvia/nodevenv/public_html/website/24/bin/node: fork: retry: Resource temporarily unavailable
/home/accelvia/nodevenv/public_html/website/24/bin/node: fork: Resource temporarily unavailable
/home/accelvia/nodevenv/public_html/website/24/bin/node: fork: retry: Resource temporarily unavailable
/home/accelvia/nodevenv/public_html/website/24/bin/node: fork: retry: Resource temporarily unavailable
/home/accelvia/nodevenv/public_html/website/24/bin/node: fork: retry: Resource temporarily unavailable
/home/accelvia/nodevenv/public_html/website/24/bin/node: fork: retry: Resource temporarily unavailable
/home/accelvia/nodevenv/public_html/website/24/bin/node: fork: Resource temporarily unavailable
/home/accelvia/nodevenv/public_html/website/24/bin/node: fork: retry: Resource temporarily unavailable
/home/accelvia/nodevenv/public_html/website/24/bin/node: fork: retry: Resource temporarily unavailable
/home/accelvia/nodevenv/public_html/website/24/bin/node: fork: retry: Resource temporarily unavailable
/home/accelvia/nodevenv/public_html/website/24/bin/node: fork: retry: Resource temporarily unavailable
/home/accelvia/nodevenv/public_html/website/24/bin/node: fork: Resource temporarily unavailable
/home/accelvia/nodevenv/public_html/website/24/bin/node: fork: retry: Resource temporarily unavailable
/home/accelvia/nodevenv/public_html/website/24/bin/node: fork: retry: Resource temporarily unavailable
/home/accelvia/nodevenv/public_html/website/24/bin/node: fork: retry: Resource temporarily unavailable
/home/accelvia/nodevenv/public_html/website/24/bin/node: fork: retry: Resource temporarily unavailable
/home/accelvia/nodevenv/public_html/website/24/bin/node: fork: Resource temporarily unavailable
/home/accelvia/nodevenv/public_html/website/24/bin/node: fork: retry: Resource temporarily unavailable
/home/accelvia/nodevenv/public_html/website/24/bin/node: fork: retry: Resource temporarily unavailable
/home/accelvia/nodevenv/public_html/website/24/bin/node: fork: retry: Resource temporarily unavailable
/home/accelvia/nodevenv/public_html/website/24/bin/node: fork: retry: Resource temporarily unavailable
/home/accelvia/nodevenv/public_html/website/24/bin/node: fork: Resource temporarily unavailable
/home/accelvia/nodevenv/public_html/website/24/bin/node: fork: retry: Resource temporarily unavailable
/home/accelvia/nodevenv/public_html/website/24/bin/node: fork: retry: Resource temporarily unavailable
/home/accelvia/nodevenv/public_html/website/24/bin/node: fork: retry: Resource temporarily unavailable
/home/accelvia/nodevenv/public_html/website/24/bin/node: fork: retry: Resource temporarily unavailable
/home/accelvia/nodevenv/public_html/website/24/bin/node: fork: Resource temporarily unavailable
/home/accelvia/nodevenv/public_html/website/24/bin/node: fork: retry: Resource temporarily unavailable
/home/accelvia/nodevenv/public_html/website/24/bin/node: fork: retry: Resource temporarily unavailable
/home/accelvia/nodevenv/public_html/website/24/bin/node: fork: retry: Resource temporarily unavailable
/home/accelvia/nodevenv/public_html/website/24/bin/node: fork: retry: Resource temporarily unavailable
/home/accelvia/nodevenv/public_html/website/24/bin/node: fork: Resource temporarily unavailable
/home/accelvia/nodevenv/public_html/website/24/bin/node: fork: retry: Resource temporarily unavailable
/home/accelvia/nodevenv/public_html/website/24/bin/node: fork: retry: Resource temporarily unavailable
/home/accelvia/nodevenv/public_html/website/24/bin/node: fork: retry: Resource temporarily unavailable
/home/accelvia/nodevenv/public_html/website/24/bin/node: fork: retry: Resource temporarily unavailable
/home/accelvia/nodevenv/public_html/website/24/bin/node: fork: Resource temporarily unavailable
/home/accelvia/nodevenv/public_html/website/24/bin/node: fork: retry: Resource temporarily unavailable
/home/accelvia/nodevenv/public_html/website/24/bin/node: fork: retry: Resource temporarily unavailable
/home/accelvia/nodevenv/public_html/website/24/bin/node: fork: retry: Resource temporarily unavailable
/home/accelvia/nodevenv/public_html/website/24/bin/node: fork: retry: Resource temporarily unavailable
/home/accelvia/nodevenv/public_html/website/24/bin/node: fork: Resource temporarily unavailable
/home/accelvia/nodevenv/public_html/website/24/bin/node: fork: retry: Resource temporarily unavailable
/home/accelvia/nodevenv/public_html/website/24/bin/node: fork: retry: Resource temporarily unavailable
/home/accelvia/nodevenv/public_html/website/24/bin/node: fork: retry: Resource temporarily unavailable
/home/accelvia/nodevenv/public_html/website/24/bin/node: fork: retry: Resource temporarily unavailable
/home/accelvia/nodevenv/public_html/website/24/bin/node: fork: Resource temporarily unavailable
/home/accelvia/nodevenv/public_html/website/24/bin/node: fork: retry: Resource temporarily unavailable
/home/accelvia/nodevenv/public_html/website/24/bin/node: fork: retry: Resource temporarily unavailable
/home/accelvia/nodevenv/public_html/website/24/bin/node: fork: retry: Resource temporarily unavailable
/home/accelvia/nodevenv/public_html/website/24/bin/node: fork: retry: Resource temporarily unavailable
/home/accelvia/nodevenv/public_html/website/24/bin/node: fork: Resource temporarily unavailable
/home/accelvia/nodevenv/public_html/website/24/bin/node: fork: retry: Resource temporarily unavailable
/home/accelvia/nodevenv/public_html/website/24/bin/node: fork: retry: Resource temporarily unavailable
/home/accelvia/nodevenv/public_html/website/24/bin/node: fork: retry: Resource temporarily unavailable
/home/accelvia/nodevenv/public_html/website/24/bin/node: fork: retry: Resource temporarily unavailable
/home/accelvia/nodevenv/public_html/website/24/bin/node: fork: Resource temporarily unavailable
/home/accelvia/nodevenv/public_html/website/24/bin/node: fork: retry: Resource temporarily unavailable
/home/accelvia/nodevenv/public_html/website/24/bin/node: fork: retry: Resource temporarily unavailable
/home/accelvia/nodevenv/public_html/website/24/bin/node: fork: retry: Resource temporarily unavailable
/home/accelvia/nodevenv/public_html/website/24/bin/node: fork: retry: Resource temporarily unavailable
/home/accelvia/nodevenv/public_html/website/24/bin/node: fork: Resource temporarily unavailable
/home/accelvia/nodevenv/public_html/website/24/bin/node: fork: retry: Resource temporarily unavailable
/home/accelvia/nodevenv/public_html/website/24/bin/node: fork: retry: Resource temporarily unavailable
/home/accelvia/nodevenv/public_html/website/24/bin/node: fork: retry: Resource temporarily unavailable
/home/accelvia/nodevenv/public_html/website/24/bin/node: fork: retry: Resource temporarily unavailable
/home/accelvia/nodevenv/public_html/website/24/bin/node: fork: Resource temporarily unavailable
/home/accelvia/nodevenv/public_html/website/24/bin/node: fork: retry: Resource temporarily unavailable
/home/accelvia/nodevenv/public_html/website/24/bin/node: fork: retry: Resource temporarily unavailable
/home/accelvia/nodevenv/public_html/website/24/bin/node: fork: retry: Resource temporarily unavailable
/home/accelvia/nodevenv/public_html/website/24/bin/node: fork: retry: Resource temporarily unavailable
/home/accelvia/nodevenv/public_html/website/24/bin/node: fork: Resource temporarily unavailable
/home/accelvia/nodevenv/public_html/website/24/bin/node: fork: retry: Resource temporarily unavailable
/home/accelvia/nodevenv/public_html/website/24/bin/node: fork: retry: Resource temporarily unavailable
/home/accelvia/nodevenv/public_html/website/24/bin/node: fork: retry: Resource temporarily unavailable
/home/accelvia/nodevenv/public_html/website/24/bin/node: fork: retry: Resource temporarily unavailable
/home/accelvia/nodevenv/public_html/website/24/bin/node: fork: Resource temporarily unavailable
/home/accelvia/nodevenv/public_html/website/24/bin/node: fork: retry: Resource temporarily unavailable
/home/accelvia/nodevenv/public_html/website/24/bin/node: fork: retry: Resource temporarily unavailable
/home/accelvia/nodevenv/public_html/website/24/bin/node: fork: retry: Resource temporarily unavailable
/home/accelvia/nodevenv/public_html/website/24/bin/node: fork: retry: Resource temporarily unavailable
/home/accelvia/nodevenv/public_html/website/24/bin/node: fork: Resource temporarily unavailable
/home/accelvia/nodevenv/public_html/website/24/bin/node: fork: retry: Resource temporarily unavailable
/home/accelvia/nodevenv/public_html/website/24/bin/node: fork: retry: Resource temporarily unavailable
/home/accelvia/nodevenv/public_html/website/24/bin/node: fork: retry: Resource temporarily unavailable
/home/accelvia/nodevenv/public_html/website/24/bin/node: fork: retry: Resource temporarily unavailable
/home/accelvia/nodevenv/public_html/website/24/bin/node: fork: Resource temporarily unavailable
/home/accelvia/nodevenv/public_html/website/24/bin/node: fork: retry: Resource temporarily unavailable
/home/accelvia/nodevenv/public_html/website/24/bin/node: fork: retry: Resource temporarily unavailable
/home/accelvia/nodevenv/public_html/website/24/bin/node: fork: retry: Resource temporarily unavailable
/home/accelvia/nodevenv/public_html/website/24/bin/node: fork: retry: Resource temporarily unavailable
/home/accelvia/nodevenv/public_html/website/24/bin/node: fork: Resource temporarily unavailable
/home/accelvia/nodevenv/public_html/website/24/bin/node: fork: retry: Resource temporarily unavailable
/home/accelvia/nodevenv/public_html/website/24/bin/node: fork: retry: Resource temporarily unavailable
/home/accelvia/nodevenv/public_html/website/24/bin/node: fork: retry: Resource temporarily unavailable
/home/accelvia/nodevenv/public_html/website/24/bin/node: fork: retry: Resource temporarily unavailable
/home/accelvia/nodevenv/public_html/website/24/bin/node: fork: Resource temporarily unavailable
/home/accelvia/nodevenv/public_html/website/24/bin/node: fork: retry: Resource temporarily unavailable
/home/accelvia/nodevenv/public_html/website/24/bin/node: fork: retry: Resource temporarily unavailable
/home/accelvia/nodevenv/public_html/website/24/bin/node: fork: retry: Resource temporarily unavailable
/home/accelvia/nodevenv/public_html/website/24/bin/node: fork: retry: Resource temporarily unavailable
/home/accelvia/nodevenv/public_html/website/24/bin/node: fork: Resource temporarily unavailable
/home/accelvia/nodevenv/public_html/website/24/bin/node: fork: retry: Resource temporarily unavailable
/home/accelvia/nodevenv/public_html/website/24/bin/node: fork: retry: Resource temporarily unavailable
/home/accelvia/nodevenv/public_html/website/24/bin/node: fork: retry: Resource temporarily unavailable
/home/accelvia/nodevenv/public_html/website/24/bin/node: fork: retry: Resource temporarily unavailable
/home/accelvia/nodevenv/public_html/website/24/bin/node: fork: Resource temporarily unavailable
/home/accelvia/nodevenv/public_html/website/24/bin/node: fork: retry: Resource temporarily unavailable
/home/accelvia/nodevenv/public_html/website/24/bin/node: fork: retry: Resource temporarily unavailable
/home/accelvia/nodevenv/public_html/website/24/bin/node: fork: retry: Resource temporarily unavailable
/home/accelvia/nodevenv/public_html/website/24/bin/node: fork: retry: Resource temporarily unavailable
/home/accelvia/nodevenv/public_html/website/24/bin/node: fork: Resource temporarily unavailable
/home/accelvia/nodevenv/public_html/website/24/bin/node: fork: retry: Resource temporarily unavailable
/home/accelvia/nodevenv/public_html/website/24/bin/node: fork: retry: Resource temporarily unavailable
/home/accelvia/nodevenv/public_html/website/24/bin/node: fork: retry: Resource temporarily unavailable
/home/accelvia/nodevenv/public_html/website/24/bin/node: fork: retry: Resource temporarily unavailable
/home/accelvia/nodevenv/public_html/website/24/bin/node: fork: Resource temporarily unavailable
/home/accelvia/nodevenv/public_html/website/24/bin/node: fork: retry: Resource temporarily unavailable
/home/accelvia/nodevenv/public_html/website/24/bin/node: fork: retry: Resource temporarily unavailable
/home/accelvia/nodevenv/public_html/website/24/bin/node: fork: retry: Resource temporarily unavailable
/home/accelvia/nodevenv/public_html/website/24/bin/node: fork: retry: Resource temporarily unavailable
